  button.cpp
C:\Users\ASUS\Documents\GitHub\Crossing-Road---Game-Project-OOP\src\button.cpp(48,13): warning C4267: 'initializing': conversion from 'size_t' to 'int', possible loss of data
  command.cpp
  console.cpp
C:\Users\ASUS\Documents\GitHub\Crossing-Road---Game-Project-OOP\src\console.cpp(129,51): warning C4267: 'argument': conversion from 'size_t' to 'DWORD', possible loss of data
  CrossingRoad.cpp
  entity.cpp
C:\Users\ASUS\Documents\GitHub\Crossing-Road---Game-Project-OOP\src\entity.cpp(283,40): warning C4834: discarding return value of function with 'nodiscard' attribute
  handlerInput.cpp
  importImage.cpp
C:\Users\ASUS\Documents\GitHub\Crossing-Road---Game-Project-OOP\src\importImage.cpp(55,10): warning C4101: 'newline': unreferenced local variable
  player.cpp
  screen.cpp
C:\Users\ASUS\Documents\GitHub\Crossing-Road---Game-Project-OOP\src\screen.cpp(554,37): warning C4244: '=': conversion from 'double' to 'int', possible loss of data
  screenStack.cpp
C:\Users\ASUS\Documents\GitHub\Crossing-Road---Game-Project-OOP\src\screenStack.cpp(44,24): warning C4267: 'return': conversion from 'size_t' to 'int', possible loss of data
  sound.cpp
  staticVariable.cpp
  Generating Code...
  Project1.vcxproj -> C:\Users\ASUS\Documents\GitHub\Crossing-Road---Game-Project-OOP\Project1\x64\Debug\Project1.exe
